[01:18:17] [main/INFO]: Loading Minecraft 1.20.1 with Fabric Loader 0.16.3
[01:18:17] [main/WARN]: Mod resolution failed
[01:18:17] [main/INFO]: Immediate reason: [HARD_DEP_NO_CANDIDATE journeymap 5.10.3 {depends fabric @ [*]}, ROOT_FORCELOAD_SINGLE journeymap 5.10.3]
[01:18:17] [main/INFO]: Reason: [HARD_DEP journeymap 5.10.3 {depends fabric @ [*]}, HARD_DEP journeymap-api-fabric 1.20-1.9-fabric-SNAPSHOT {depends fabric @ [*]}]
[01:18:17] [main/INFO]: SERVER environment disabled: [fabric-key-binding-api-v1]
[01:18:17] [main/INFO]: Fix: add [add:fabric 1 ([(-∞,∞)])], remove [], replace []
[01:18:17] [main/ERROR]: Incompatible mods found!
net.fabricmc.loader.impl.FormattedException: Some of your mods are incompatible with the game or each other!
A potential solution has been determined, this may resolve your problem:
	 - Install fabric, any version.
More details:
	 - Mod 'Journeymap' (journeymap) 5.10.3 requires any version of fabric, which is missing!
	 - Mod 'JourneyMap API' (journeymap-api-fabric) 1.20-1.9-fabric-SNAPSHOT requires any version of fabric, which is missing!
	at net.fabricmc.loader.impl.FormattedException.ofLocalized(FormattedException.java:51) ~[fabric-loader-0.16.3.jar:?]
	at net.fabricmc.loader.impl.FabricLoaderImpl.load(FabricLoaderImpl.java:196) ~[fabric-loader-0.16.3.jar:?]
	at net.fabricmc.loader.impl.launch.knot.Knot.init(Knot.java:146) ~[fabric-loader-0.16.3.jar:?]
	at net.fabricmc.loader.impl.launch.knot.Knot.launch(Knot.java:68) ~[fabric-loader-0.16.3.jar:?]
	at net.fabricmc.loader.impl.launch.knot.KnotServer.main(KnotServer.java:23) ~[fabric-loader-0.16.3.jar:?]
	at net.fabricmc.loader.impl.launch.server.FabricServerLauncher.main(FabricServerLauncher.java:69) ~[fabric-loader-0.16.3.jar:?]
	at net.fabricmc.installer.ServerLauncher.main(ServerLauncher.java:69) ~[fabric-server-launch.jar:1.0.1]
